21:19:12 INFO  : Registering command handlers for SDK TCF services
21:19:13 INFO  : Launching XSCT server: xsct.bat -interactive C:\Users\lawrense\Documents\Academic\ECE\IndStudy\labs\lab1\lab1.sdk\temp_xsdb_launch_script.tcl
21:19:15 INFO  : XSCT server has started successfully.
21:19:15 INFO  : Successfully done setting XSCT server connection channel  
21:19:16 INFO  : Successfully done setting SDK workspace  
21:19:16 INFO  : Processing command line option -hwspec C:/Users/lawrense/Documents/Academic/ECE/IndStudy/labs/lab1/lab1.sdk/system_wrapper.hdf.
21:32:19 ERROR : Unexpected error while launching program.
java.lang.RuntimeException: Error while running ps7_init method.
No Elf file associated with target


	at com.xilinx.sdk.targetmanager.internal.TM.run_ps7_init(TM.java:1089)
	at com.xilinx.sdk.debug.core.XilinxAppLaunchConfigurationDelegate.runTargetSetup(XilinxAppLaunchConfigurationDelegate.java:514)
	at com.xilinx.sdk.debug.core.XilinxAppLaunchConfigurationDelegate.runApplication(XilinxAppLaunchConfigurationDelegate.java:616)
	at com.xilinx.sdk.debug.core.XilinxAppLaunchConfigurationDelegate.launch(XilinxAppLaunchConfigurationDelegate.java:309)
	at com.xilinx.sdk.debug.ui.XilinxAppLaunchDelegateWrapper.launch(XilinxAppLaunchDelegateWrapper.java:31)
	at org.eclipse.debug.internal.core.LaunchConfiguration.launch(LaunchConfiguration.java:885)
	at org.eclipse.debug.internal.core.LaunchConfiguration.launch(LaunchConfiguration.java:739)
	at org.eclipse.debug.internal.ui.DebugUIPlugin.buildAndLaunch(DebugUIPlugin.java:1039)
	at org.eclipse.debug.internal.ui.DebugUIPlugin$8.run(DebugUIPlugin.java:1256)
	at org.eclipse.core.internal.jobs.Worker.run(Worker.java:55)
21:34:40 ERROR : Unexpected error while parsing XMD response ?: com.google.gson.JsonSyntaxException: com.google.gson.stream.MalformedJsonException: invalid number or unquoted string near 
21:34:57 INFO  : Registering command handlers for SDK TCF services
21:34:57 INFO  : Launching XSCT server: xsct.bat -interactive C:\Users\lawrense\Documents\Academic\ECE\IndStudy\labs\lab1\lab1.sdk\temp_xsdb_launch_script.tcl
21:34:58 INFO  : XSCT server has started successfully.
21:34:59 INFO  : Successfully done setting XSCT server connection channel  
21:34:59 INFO  : Processing command line option -hwspec C:/Users/lawrense/Documents/Academic/ECE/IndStudy/labs/lab1/lab1.sdk/system_wrapper.hdf.
21:34:59 INFO  : Successfully done setting SDK workspace  
21:34:59 INFO  : Checking for hwspec changes in the project system_wrapper_hw_platform_0.
21:40:47 INFO  : ps7_init is completed.
21:40:47 INFO  : Processor reset is completed for ps7_cortexa9_0
21:41:49 ERROR : Unexpected error while parsing XMD response ?: com.google.gson.JsonSyntaxException: com.google.gson.stream.MalformedJsonException: invalid number or unquoted string near 
18:55:31 INFO  : Registering command handlers for SDK TCF services
18:55:32 INFO  : Launching XSCT server: xsct.bat -interactive C:\Users\lawrense\Documents\Academic\ECE\IndStudy\labs\lab2\project_2\project_2.sdk\temp_xsdb_launch_script.tcl
18:55:34 INFO  : XSCT server has started successfully.
18:55:34 INFO  : Successfully done setting XSCT server connection channel  
18:55:34 INFO  : Successfully done setting SDK workspace  
18:55:34 INFO  : Processing command line option -hwspec C:/Users/lawrense/Documents/Academic/ECE/IndStudy/labs/lab2/project_2/project_2.sdk/system_wrapper.hdf.
20:04:57 INFO  : Connected to target on host '127.0.0.1' and port '3121'.
20:04:59 INFO  : 'targets -set -filter {jtag_cable_name =~ "Digilent Zybo 210279759007A" && level==0} -index 1' command is executed.
20:05:01 INFO  : FPGA configured successfully with bitstream "C:/Users/lawrense/Documents/Academic/ECE/IndStudy/labs/lab2/project_2/project_2.sdk/system_wrapper_hw_platform_1/system_wrapper.bit"
20:05:25 INFO  : ps7_init is completed.
20:05:25 INFO  : ps7_post_config is completed.
20:05:26 INFO  : Processor reset is completed for ps7_cortexa9_0
20:07:24 ERROR : Unexpected error while parsing XMD response ?: com.google.gson.JsonSyntaxException: com.google.gson.stream.MalformedJsonException: invalid number or unquoted string near 
