
*** Running vivado
    with args -log system_wrapper.vdi -applog -m64 -product Vivado -messageDb vivado.pb -mode batch -source system_wrapper.tcl -notrace


****** Vivado v2016.4 (64-bit)
  **** SW Build 1756540 on Mon Jan 23 19:11:23 MST 2017
  **** IP Build 1755317 on Mon Jan 23 20:30:07 MST 2017
    ** Copyright 1986-2016 Xilinx, Inc. All Rights Reserved.

source system_wrapper.tcl -notrace
Command: open_checkpoint C:/Users/lawrense/Documents/Academic/ECE/IndStudy/labs/lab2/project_2/project_2.runs/impl_1/system_wrapper.dcp

Starting open_checkpoint Task

Time (s): cpu = 00:00:00 ; elapsed = 00:00:00.029 . Memory (MB): peak = 209.582 ; gain = 0.000
INFO: [Netlist 29-17] Analyzing 26 Unisim elements for replacement
INFO: [Netlist 29-28] Unisim Transformation completed in 0 CPU seconds
INFO: [Project 1-479] Netlist was created with Vivado 2016.4
INFO: [Device 21-403] Loading part xc7z010clg400-1
INFO: [Project 1-570] Preparing netlist for logic optimization
WARNING: [Constraints 18-550] Could not create 'IOSTANDARD' constraint because net 'system_i/buttons/gpio_io_i[0]' is not directly connected to top level port. 'IOSTANDARD' is ignored by Vivado but preserved for implementation tool. [C:/Users/lawrense/AppData/Roaming/Xilinx/Vivado/.Xil/Vivado-1984-lawrense-P50/dcp_5/system_axi_gpio_0_1.edf:3787]
WARNING: [Constraints 18-550] Could not create 'IOSTANDARD' constraint because net 'system_i/buttons/gpio_io_i[1]' is not directly connected to top level port. 'IOSTANDARD' is ignored by Vivado but preserved for implementation tool. [C:/Users/lawrense/AppData/Roaming/Xilinx/Vivado/.Xil/Vivado-1984-lawrense-P50/dcp_5/system_axi_gpio_0_1.edf:3794]
WARNING: [Constraints 18-550] Could not create 'IOSTANDARD' constraint because net 'system_i/buttons/gpio_io_i[2]' is not directly connected to top level port. 'IOSTANDARD' is ignored by Vivado but preserved for implementation tool. [C:/Users/lawrense/AppData/Roaming/Xilinx/Vivado/.Xil/Vivado-1984-lawrense-P50/dcp_5/system_axi_gpio_0_1.edf:3801]
WARNING: [Constraints 18-550] Could not create 'IOSTANDARD' constraint because net 'system_i/buttons/gpio_io_i[3]' is not directly connected to top level port. 'IOSTANDARD' is ignored by Vivado but preserved for implementation tool. [C:/Users/lawrense/AppData/Roaming/Xilinx/Vivado/.Xil/Vivado-1984-lawrense-P50/dcp_5/system_axi_gpio_0_1.edf:3808]
WARNING: [Constraints 18-550] Could not create 'IOSTANDARD' constraint because net 'system_i/switches/gpio_io_i[0]' is not directly connected to top level port. 'IOSTANDARD' is ignored by Vivado but preserved for implementation tool. [C:/Users/lawrense/AppData/Roaming/Xilinx/Vivado/.Xil/Vivado-1984-lawrense-P50/dcp_3/system_axi_gpio_0_0.edf:3787]
WARNING: [Constraints 18-550] Could not create 'IOSTANDARD' constraint because net 'system_i/switches/gpio_io_i[1]' is not directly connected to top level port. 'IOSTANDARD' is ignored by Vivado but preserved for implementation tool. [C:/Users/lawrense/AppData/Roaming/Xilinx/Vivado/.Xil/Vivado-1984-lawrense-P50/dcp_3/system_axi_gpio_0_0.edf:3794]
WARNING: [Constraints 18-550] Could not create 'IOSTANDARD' constraint because net 'system_i/switches/gpio_io_i[2]' is not directly connected to top level port. 'IOSTANDARD' is ignored by Vivado but preserved for implementation tool. [C:/Users/lawrense/AppData/Roaming/Xilinx/Vivado/.Xil/Vivado-1984-lawrense-P50/dcp_3/system_axi_gpio_0_0.edf:3801]
WARNING: [Constraints 18-550] Could not create 'IOSTANDARD' constraint because net 'system_i/switches/gpio_io_i[3]' is not directly connected to top level port. 'IOSTANDARD' is ignored by Vivado but preserved for implementation tool. [C:/Users/lawrense/AppData/Roaming/Xilinx/Vivado/.Xil/Vivado-1984-lawrense-P50/dcp_3/system_axi_gpio_0_0.edf:3808]
Parsing XDC File [C:/Users/lawrense/Documents/Academic/ECE/IndStudy/labs/lab2/project_2/project_2.runs/impl_1/.Xil/Vivado-10708-lawrense-P50/dcp/system_wrapper_board.xdc]
Finished Parsing XDC File [C:/Users/lawrense/Documents/Academic/ECE/IndStudy/labs/lab2/project_2/project_2.runs/impl_1/.Xil/Vivado-10708-lawrense-P50/dcp/system_wrapper_board.xdc]
Parsing XDC File [C:/Users/lawrense/Documents/Academic/ECE/IndStudy/labs/lab2/project_2/project_2.runs/impl_1/.Xil/Vivado-10708-lawrense-P50/dcp/system_wrapper_early.xdc]
Finished Parsing XDC File [C:/Users/lawrense/Documents/Academic/ECE/IndStudy/labs/lab2/project_2/project_2.runs/impl_1/.Xil/Vivado-10708-lawrense-P50/dcp/system_wrapper_early.xdc]
Reading XDEF placement.
Reading placer database...
Reading XDEF routing.
Read XDEF File: Time (s): cpu = 00:00:00 ; elapsed = 00:00:00.261 . Memory (MB): peak = 484.242 ; gain = 0.000
Restored from archive | CPU: 0.000000 secs | Memory: 0.000000 MB |
Finished XDEF File Restore: Time (s): cpu = 00:00:00 ; elapsed = 00:00:00.261 . Memory (MB): peak = 484.242 ; gain = 0.000
INFO: [Project 1-111] Unisim Transformation Summary:
No Unisim elements were transformed.

INFO: [Project 1-604] Checkpoint was created with Vivado v2016.4 (64-bit) build 1756540
open_checkpoint: Time (s): cpu = 00:00:07 ; elapsed = 00:00:07 . Memory (MB): peak = 484.242 ; gain = 274.660
Command: opt_design
Attempting to get a license for feature 'Implementation' and/or device 'xc7z010'
INFO: [Common 17-349] Got license for feature 'Implementation' and/or device 'xc7z010'
Running DRC as a precondition to command opt_design

Starting DRC Task
INFO: [DRC 23-27] Running DRC with 2 threads
INFO: [Project 1-461] DRC finished with 0 Errors
INFO: [Project 1-462] Please refer to the DRC report (report_drc) for more information.

Time (s): cpu = 00:00:01 ; elapsed = 00:00:00.450 . Memory (MB): peak = 493.344 ; gain = 9.102
INFO: [Timing 38-35] Done setting XDC timing constraints.

Starting Logic Optimization Task
Implement Debug Cores | Checksum: 2487f37ec

Phase 1 Retarget
INFO: [Opt 31-138] Pushed 0 inverter(s) to 0 load pin(s).
INFO: [Opt 31-49] Retargeted 0 cell(s).
Phase 1 Retarget | Checksum: 20305c3e4

Time (s): cpu = 00:00:00 ; elapsed = 00:00:00.172 . Memory (MB): peak = 969.609 ; gain = 0.000

Phase 2 Constant propagation
INFO: [Opt 31-138] Pushed 0 inverter(s) to 0 load pin(s).
INFO: [Opt 31-10] Eliminated 132 cells.
Phase 2 Constant propagation | Checksum: 150090ebe

Time (s): cpu = 00:00:00 ; elapsed = 00:00:00.404 . Memory (MB): peak = 969.609 ; gain = 0.000

Phase 3 Sweep
INFO: [Opt 31-12] Eliminated 197 unconnected nets.
INFO: [Opt 31-11] Eliminated 211 unconnected cells.
Phase 3 Sweep | Checksum: 23cbcf47d

Time (s): cpu = 00:00:01 ; elapsed = 00:00:00.906 . Memory (MB): peak = 969.609 ; gain = 0.000

Phase 4 BUFG optimization
INFO: [Opt 31-12] Eliminated 0 unconnected nets.
INFO: [Opt 31-11] Eliminated 0 unconnected cells.
Phase 4 BUFG optimization | Checksum: 1dab75007

Time (s): cpu = 00:00:01 ; elapsed = 00:00:01 . Memory (MB): peak = 969.609 ; gain = 0.000

Starting Connectivity Check Task

Time (s): cpu = 00:00:00 ; elapsed = 00:00:00.005 . Memory (MB): peak = 969.609 ; gain = 0.000
Ending Logic Optimization Task | Checksum: 1dab75007

Time (s): cpu = 00:00:01 ; elapsed = 00:00:01 . Memory (MB): peak = 969.609 ; gain = 0.000

Starting Power Optimization Task
INFO: [Pwropt 34-132] Skipping clock gating for clocks with a period < 2.00 ns.
Ending Power Optimization Task | Checksum: 1dab75007

Time (s): cpu = 00:00:00 ; elapsed = 00:00:00.016 . Memory (MB): peak = 969.609 ; gain = 0.000
INFO: [Common 17-83] Releasing license: Implementation
22 Infos, 8 Warnings, 0 Critical Warnings and 0 Errors encountered.
opt_design completed successfully
opt_design: Time (s): cpu = 00:00:13 ; elapsed = 00:00:13 . Memory (MB): peak = 969.609 ; gain = 485.367
Writing placer database...
Writing XDEF routing.
Writing XDEF routing logical nets.
Writing XDEF routing special nets.
Write XDEF Complete: Time (s): cpu = 00:00:00 ; elapsed = 00:00:00.074 . Memory (MB): peak = 969.609 ; gain = 0.000
INFO: [Common 17-1381] The checkpoint 'C:/Users/lawrense/Documents/Academic/ECE/IndStudy/labs/lab2/project_2/project_2.runs/impl_1/system_wrapper_opt.dcp' has been generated.
INFO: [DRC 23-27] Running DRC with 2 threads
INFO: [Coretcl 2-168] The results of DRC are in file C:/Users/lawrense/Documents/Academic/ECE/IndStudy/labs/lab2/project_2/project_2.runs/impl_1/system_wrapper_drc_opted.rpt.
INFO: [Chipscope 16-241] No debug cores found in the current design.
Before running the implement_debug_core command, either use the Set Up Debug wizard (GUI mode)
or use the create_debug_core and connect_debug_core Tcl commands to insert debug cores into the design.
Command: place_design
Attempting to get a license for feature 'Implementation' and/or device 'xc7z010'
INFO: [Common 17-349] Got license for feature 'Implementation' and/or device 'xc7z010'
INFO: [DRC 23-27] Running DRC with 2 threads
INFO: [Vivado_Tcl 4-198] DRC finished with 0 Errors
INFO: [Vivado_Tcl 4-199] Please refer to the DRC report (report_drc) for more information.
Running DRC as a precondition to command place_design
INFO: [DRC 23-27] Running DRC with 2 threads
WARNING: [DRC 23-20] Rule violation (CKLD-1) Clock Net has non-BUF driver and too many loads - Clock net system_i/processing_system7_0/inst/FCLK_CLK0 is not driven by a Clock Buffer and has more than 512 loads. Driver(s): system_i/processing_system7_0/inst/PS7_i/FCLKCLK[0]
INFO: [Vivado_Tcl 4-198] DRC finished with 0 Errors, 1 Warnings
INFO: [Vivado_Tcl 4-199] Please refer to the DRC report (report_drc) for more information.

Starting Placer Task
INFO: [Place 30-611] Multithreading enabled for place_design using a maximum of 2 CPUs

Phase 1 Placer Initialization
Netlist sorting complete. Time (s): cpu = 00:00:00 ; elapsed = 00:00:00.005 . Memory (MB): peak = 969.609 ; gain = 0.000
Netlist sorting complete. Time (s): cpu = 00:00:00 ; elapsed = 00:00:00.004 . Memory (MB): peak = 969.609 ; gain = 0.000

Phase 1.1 IO Placement/ Clock Placement/ Build Placer Device
INFO: [Timing 38-35] Done setting XDC timing constraints.
Phase 1.1 IO Placement/ Clock Placement/ Build Placer Device | Checksum: 981b2011

Time (s): cpu = 00:00:02 ; elapsed = 00:00:02 . Memory (MB): peak = 994.902 ; gain = 25.293

Phase 1.2 Build Placer Netlist Model
Phase 1.2 Build Placer Netlist Model | Checksum: 1947e5d1c

Time (s): cpu = 00:00:03 ; elapsed = 00:00:02 . Memory (MB): peak = 994.902 ; gain = 25.293

Phase 1.3 Constrain Clocks/Macros
Phase 1.3 Constrain Clocks/Macros | Checksum: 1947e5d1c

Time (s): cpu = 00:00:03 ; elapsed = 00:00:02 . Memory (MB): peak = 994.902 ; gain = 25.293
Phase 1 Placer Initialization | Checksum: 1947e5d1c

Time (s): cpu = 00:00:03 ; elapsed = 00:00:02 . Memory (MB): peak = 994.902 ; gain = 25.293

Phase 2 Global Placement
Phase 2 Global Placement | Checksum: 15b813679

Time (s): cpu = 00:00:04 ; elapsed = 00:00:03 . Memory (MB): peak = 994.902 ; gain = 25.293

Phase 3 Detail Placement

Phase 3.1 Commit Multi Column Macros
Phase 3.1 Commit Multi Column Macros | Checksum: 15b813679

Time (s): cpu = 00:00:05 ; elapsed = 00:00:03 . Memory (MB): peak = 994.902 ; gain = 25.293

Phase 3.2 Commit Most Macros & LUTRAMs
Phase 3.2 Commit Most Macros & LUTRAMs | Checksum: 1decabc67

Time (s): cpu = 00:00:05 ; elapsed = 00:00:03 . Memory (MB): peak = 994.902 ; gain = 25.293

Phase 3.3 Area Swap Optimization
Phase 3.3 Area Swap Optimization | Checksum: 14b17a722

Time (s): cpu = 00:00:05 ; elapsed = 00:00:03 . Memory (MB): peak = 994.902 ; gain = 25.293

Phase 3.4 Pipeline Register Optimization
Phase 3.4 Pipeline Register Optimization | Checksum: 14b17a722

Time (s): cpu = 00:00:05 ; elapsed = 00:00:03 . Memory (MB): peak = 994.902 ; gain = 25.293

Phase 3.5 Timing Path Optimizer
Phase 3.5 Timing Path Optimizer | Checksum: 1c5888133

Time (s): cpu = 00:00:05 ; elapsed = 00:00:03 . Memory (MB): peak = 994.902 ; gain = 25.293

Phase 3.6 Small Shape Detail Placement
Phase 3.6 Small Shape Detail Placement | Checksum: 1f609f7b2

Time (s): cpu = 00:00:06 ; elapsed = 00:00:04 . Memory (MB): peak = 994.902 ; gain = 25.293

Phase 3.7 Re-assign LUT pins
Phase 3.7 Re-assign LUT pins | Checksum: 1a9f963ef

Time (s): cpu = 00:00:06 ; elapsed = 00:00:04 . Memory (MB): peak = 994.902 ; gain = 25.293

Phase 3.8 Pipeline Register Optimization
Phase 3.8 Pipeline Register Optimization | Checksum: 1a9f963ef

Time (s): cpu = 00:00:06 ; elapsed = 00:00:04 . Memory (MB): peak = 994.902 ; gain = 25.293
Phase 3 Detail Placement | Checksum: 1a9f963ef

Time (s): cpu = 00:00:06 ; elapsed = 00:00:04 . Memory (MB): peak = 994.902 ; gain = 25.293

Phase 4 Post Placement Optimization and Clean-Up

Phase 4.1 Post Commit Optimization
INFO: [Timing 38-35] Done setting XDC timing constraints.

Phase 4.1.1 Post Placement Optimization
INFO: [Place 30-746] Post Placement Timing Summary WNS=3.970. For the most accurate timing information please run report_timing.
Phase 4.1.1 Post Placement Optimization | Checksum: 194066991

Time (s): cpu = 00:00:06 ; elapsed = 00:00:04 . Memory (MB): peak = 994.902 ; gain = 25.293
Phase 4.1 Post Commit Optimization | Checksum: 194066991

Time (s): cpu = 00:00:06 ; elapsed = 00:00:04 . Memory (MB): peak = 994.902 ; gain = 25.293

Phase 4.2 Post Placement Cleanup
Phase 4.2 Post Placement Cleanup | Checksum: 194066991

Time (s): cpu = 00:00:06 ; elapsed = 00:00:04 . Memory (MB): peak = 994.902 ; gain = 25.293

Phase 4.3 Placer Reporting
Phase 4.3 Placer Reporting | Checksum: 194066991

Time (s): cpu = 00:00:06 ; elapsed = 00:00:04 . Memory (MB): peak = 994.902 ; gain = 25.293

Phase 4.4 Final Placement Cleanup
Phase 4.4 Final Placement Cleanup | Checksum: 10d4cc428

Time (s): cpu = 00:00:06 ; elapsed = 00:00:04 . Memory (MB): peak = 994.902 ; gain = 25.293
Phase 4 Post Placement Optimization and Clean-Up | Checksum: 10d4cc428

Time (s): cpu = 00:00:06 ; elapsed = 00:00:04 . Memory (MB): peak = 994.902 ; gain = 25.293
Ending Placer Task | Checksum: d01b0014

Time (s): cpu = 00:00:06 ; elapsed = 00:00:04 . Memory (MB): peak = 994.902 ; gain = 25.293
INFO: [Common 17-83] Releasing license: Implementation
38 Infos, 9 Warnings, 0 Critical Warnings and 0 Errors encountered.
place_design completed successfully
place_design: Time (s): cpu = 00:00:08 ; elapsed = 00:00:06 . Memory (MB): peak = 994.902 ; gain = 25.293
Writing placer database...
Writing XDEF routing.
Writing XDEF routing logical nets.
Writing XDEF routing special nets.
Write XDEF Complete: Time (s): cpu = 00:00:01 ; elapsed = 00:00:00.231 . Memory (MB): peak = 994.902 ; gain = 0.000
INFO: [Common 17-1381] The checkpoint 'C:/Users/lawrense/Documents/Academic/ECE/IndStudy/labs/lab2/project_2/project_2.runs/impl_1/system_wrapper_placed.dcp' has been generated.
report_io: Time (s): cpu = 00:00:00 ; elapsed = 00:00:00.062 . Memory (MB): peak = 994.902 ; gain = 0.000
report_utilization: Time (s): cpu = 00:00:00 ; elapsed = 00:00:00.045 . Memory (MB): peak = 994.902 ; gain = 0.000
report_control_sets: Time (s): cpu = 00:00:00 ; elapsed = 00:00:00.009 . Memory (MB): peak = 994.902 ; gain = 0.000
Command: route_design
Attempting to get a license for feature 'Implementation' and/or device 'xc7z010'
INFO: [Common 17-349] Got license for feature 'Implementation' and/or device 'xc7z010'
Running DRC as a precondition to command route_design
INFO: [DRC 23-27] Running DRC with 2 threads
INFO: [Vivado_Tcl 4-198] DRC finished with 0 Errors
INFO: [Vivado_Tcl 4-199] Please refer to the DRC report (report_drc) for more information.


Starting Routing Task
INFO: [Route 35-254] Multithreading enabled for route_design using a maximum of 2 CPUs
Checksum: PlaceDB: a8ba24e2 ConstDB: 0 ShapeSum: 2760db32 RouteDB: 0

Phase 1 Build RT Design
Phase 1 Build RT Design | Checksum: 1760f9031

Time (s): cpu = 00:00:17 ; elapsed = 00:00:15 . Memory (MB): peak = 1069.035 ; gain = 74.133

Phase 2 Router Initialization

Phase 2.1 Create Timer
Phase 2.1 Create Timer | Checksum: 1760f9031

Time (s): cpu = 00:00:17 ; elapsed = 00:00:15 . Memory (MB): peak = 1069.035 ; gain = 74.133

Phase 2.2 Fix Topology Constraints
Phase 2.2 Fix Topology Constraints | Checksum: 1760f9031

Time (s): cpu = 00:00:17 ; elapsed = 00:00:15 . Memory (MB): peak = 1069.035 ; gain = 74.133

Phase 2.3 Pre Route Cleanup
Phase 2.3 Pre Route Cleanup | Checksum: 1760f9031

Time (s): cpu = 00:00:17 ; elapsed = 00:00:15 . Memory (MB): peak = 1069.035 ; gain = 74.133
 Number of Nodes with overlaps = 0

Phase 2.4 Update Timing
Phase 2.4 Update Timing | Checksum: 140f9ccdf

Time (s): cpu = 00:00:18 ; elapsed = 00:00:15 . Memory (MB): peak = 1069.035 ; gain = 74.133
INFO: [Route 35-416] Intermediate Timing Summary | WNS=3.683  | TNS=0.000  | WHS=-0.445 | THS=-84.481|

Phase 2 Router Initialization | Checksum: 1926f4dda

Time (s): cpu = 00:00:18 ; elapsed = 00:00:16 . Memory (MB): peak = 1069.035 ; gain = 74.133

Phase 3 Initial Routing
Phase 3 Initial Routing | Checksum: 13be6bf03

Time (s): cpu = 00:00:18 ; elapsed = 00:00:16 . Memory (MB): peak = 1069.035 ; gain = 74.133

Phase 4 Rip-up And Reroute

Phase 4.1 Global Iteration 0
 Number of Nodes with overlaps = 89
 Number of Nodes with overlaps = 0

Phase 4.1.1 Update Timing
Phase 4.1.1 Update Timing | Checksum: 1c4662412

Time (s): cpu = 00:00:19 ; elapsed = 00:00:16 . Memory (MB): peak = 1069.035 ; gain = 74.133
INFO: [Route 35-416] Intermediate Timing Summary | WNS=2.510  | TNS=0.000  | WHS=N/A    | THS=N/A    |

Phase 4.1 Global Iteration 0 | Checksum: 2008f0c75

Time (s): cpu = 00:00:19 ; elapsed = 00:00:16 . Memory (MB): peak = 1069.035 ; gain = 74.133

Phase 4.2 Global Iteration 1
 Number of Nodes with overlaps = 1
 Number of Nodes with overlaps = 0

Phase 4.2.1 Update Timing
Phase 4.2.1 Update Timing | Checksum: 1729b9fc1

Time (s): cpu = 00:00:19 ; elapsed = 00:00:16 . Memory (MB): peak = 1069.035 ; gain = 74.133
INFO: [Route 35-416] Intermediate Timing Summary | WNS=2.510  | TNS=0.000  | WHS=N/A    | THS=N/A    |

Phase 4.2 Global Iteration 1 | Checksum: 1acbae34e

Time (s): cpu = 00:00:19 ; elapsed = 00:00:16 . Memory (MB): peak = 1069.035 ; gain = 74.133
Phase 4 Rip-up And Reroute | Checksum: 1acbae34e

Time (s): cpu = 00:00:19 ; elapsed = 00:00:16 . Memory (MB): peak = 1069.035 ; gain = 74.133

Phase 5 Delay and Skew Optimization

Phase 5.1 Delay CleanUp
Phase 5.1 Delay CleanUp | Checksum: 1acbae34e

Time (s): cpu = 00:00:19 ; elapsed = 00:00:16 . Memory (MB): peak = 1069.035 ; gain = 74.133

Phase 5.2 Clock Skew Optimization
Phase 5.2 Clock Skew Optimization | Checksum: 1acbae34e

Time (s): cpu = 00:00:19 ; elapsed = 00:00:16 . Memory (MB): peak = 1069.035 ; gain = 74.133
Phase 5 Delay and Skew Optimization | Checksum: 1acbae34e

Time (s): cpu = 00:00:19 ; elapsed = 00:00:16 . Memory (MB): peak = 1069.035 ; gain = 74.133

Phase 6 Post Hold Fix

Phase 6.1 Hold Fix Iter

Phase 6.1.1 Update Timing
Phase 6.1.1 Update Timing | Checksum: 1c4f6b899

Time (s): cpu = 00:00:20 ; elapsed = 00:00:16 . Memory (MB): peak = 1069.035 ; gain = 74.133
INFO: [Route 35-416] Intermediate Timing Summary | WNS=2.510  | TNS=0.000  | WHS=0.042  | THS=0.000  |

Phase 6.1 Hold Fix Iter | Checksum: 192cfef36

Time (s): cpu = 00:00:20 ; elapsed = 00:00:16 . Memory (MB): peak = 1069.035 ; gain = 74.133
Phase 6 Post Hold Fix | Checksum: 192cfef36

Time (s): cpu = 00:00:20 ; elapsed = 00:00:16 . Memory (MB): peak = 1069.035 ; gain = 74.133

Phase 7 Route finalize

Router Utilization Summary
  Global Vertical Routing Utilization    = 0.870214 %
  Global Horizontal Routing Utilization  = 1.27964 %
  Routable Net Status*
  *Does not include unroutable nets such as driverless and loadless.
  Run report_route_status for detailed report.
  Number of Failed Nets               = 0
  Number of Unrouted Nets             = 0
  Number of Partially Routed Nets     = 0
  Number of Node Overlaps             = 0

Phase 7 Route finalize | Checksum: 114fa16fe

Time (s): cpu = 00:00:20 ; elapsed = 00:00:17 . Memory (MB): peak = 1069.035 ; gain = 74.133

Phase 8 Verifying routed nets

 Verification completed successfully
Phase 8 Verifying routed nets | Checksum: 114fa16fe

Time (s): cpu = 00:00:20 ; elapsed = 00:00:17 . Memory (MB): peak = 1069.035 ; gain = 74.133

Phase 9 Depositing Routes
Phase 9 Depositing Routes | Checksum: b5e22697

Time (s): cpu = 00:00:20 ; elapsed = 00:00:17 . Memory (MB): peak = 1069.035 ; gain = 74.133

Phase 10 Post Router Timing
INFO: [Route 35-57] Estimated Timing Summary | WNS=2.510  | TNS=0.000  | WHS=0.042  | THS=0.000  |

INFO: [Route 35-327] The final timing numbers are based on the router estimated timing analysis. For a complete and accurate timing signoff, please run report_timing_summary.
Phase 10 Post Router Timing | Checksum: b5e22697

Time (s): cpu = 00:00:20 ; elapsed = 00:00:17 . Memory (MB): peak = 1069.035 ; gain = 74.133
INFO: [Route 35-16] Router Completed Successfully

Time (s): cpu = 00:00:20 ; elapsed = 00:00:17 . Memory (MB): peak = 1069.035 ; gain = 74.133

Routing Is Done.
INFO: [Common 17-83] Releasing license: Implementation
52 Infos, 9 Warnings, 0 Critical Warnings and 0 Errors encountered.
route_design completed successfully
route_design: Time (s): cpu = 00:00:22 ; elapsed = 00:00:18 . Memory (MB): peak = 1069.035 ; gain = 74.133
Writing placer database...
Writing XDEF routing.
Writing XDEF routing logical nets.
Writing XDEF routing special nets.
Write XDEF Complete: Time (s): cpu = 00:00:01 ; elapsed = 00:00:00.241 . Memory (MB): peak = 1069.035 ; gain = 0.000
INFO: [Common 17-1381] The checkpoint 'C:/Users/lawrense/Documents/Academic/ECE/IndStudy/labs/lab2/project_2/project_2.runs/impl_1/system_wrapper_routed.dcp' has been generated.
INFO: [DRC 23-27] Running DRC with 2 threads
INFO: [Coretcl 2-168] The results of DRC are in file C:/Users/lawrense/Documents/Academic/ECE/IndStudy/labs/lab2/project_2/project_2.runs/impl_1/system_wrapper_drc_routed.rpt.
INFO: [Timing 38-35] Done setting XDC timing constraints.
INFO: [DRC 23-133] Running Methodology with 2 threads
INFO: [Coretcl 2-1520] The results of Report Methodology are in file C:/Users/lawrense/Documents/Academic/ECE/IndStudy/labs/lab2/project_2/project_2.runs/impl_1/system_wrapper_methodology_drc_routed.rpt.
INFO: [Timing 38-35] Done setting XDC timing constraints.
INFO: [Timing 38-91] UpdateTimingParams: Speed grade: -1, Delay Type: min_max.
INFO: [Timing 38-191] Multithreading enabled for timing update using a maximum of 2 CPUs
INFO: [Timing 38-35] Done setting XDC timing constraints.
Command: report_power -file system_wrapper_power_routed.rpt -pb system_wrapper_power_summary_routed.pb -rpx system_wrapper_power_routed.rpx
Running Vector-less Activity Propagation...

Finished Running Vector-less Activity Propagation
62 Infos, 9 Warnings, 0 Critical Warnings and 0 Errors encountered.
report_power completed successfully
Command: write_bitstream -force -no_partial_bitfile system_wrapper.bit
Attempting to get a license for feature 'Implementation' and/or device 'xc7z010'
INFO: [Common 17-349] Got license for feature 'Implementation' and/or device 'xc7z010'
Running DRC as a precondition to command write_bitstream
INFO: [DRC 23-27] Running DRC with 2 threads
INFO: [Vivado 12-3199] DRC finished with 0 Errors
INFO: [Vivado 12-3200] Please refer to the DRC report (report_drc) for more information.
Loading data files...
Loading site data...
Loading route data...
Processing options...
Creating bitmap...
Creating bitstream...
Writing bitstream ./system_wrapper.bit...
INFO: [Vivado 12-1842] Bitgen Completed Successfully.
INFO: [Project 1-120] WebTalk data collection is mandatory when using a WebPACK part without a full Vivado license. To see the specific WebTalk data collected for your design, open the usage_statistics_webtalk.html or usage_statistics_webtalk.xml file in the implementation directory.
INFO: [Common 17-186] 'C:/Users/lawrense/Documents/Academic/ECE/IndStudy/labs/lab2/project_2/project_2.runs/impl_1/usage_statistics_webtalk.xml' has been successfully sent to Xilinx on Tue Mar 21 18:54:18 2017. For additional details about this file, please refer to the WebTalk help file at C:/Xilinx/Vivado/2016.4/doc/webtalk_introduction.html.
INFO: [Common 17-83] Releasing license: Implementation
70 Infos, 9 Warnings, 0 Critical Warnings and 0 Errors encountered.
write_bitstream completed successfully
write_bitstream: Time (s): cpu = 00:00:16 ; elapsed = 00:00:16 . Memory (MB): peak = 1424.461 ; gain = 328.762
INFO: [Common 17-206] Exiting Vivado at Tue Mar 21 18:54:19 2017...
